cl : command line  warning D9035: option 'Gm' has been deprecated and will be removed in a future release
  CompositeShapes.cpp
C:\Users\moham\source\repos\Amira-Sherif1\Shape-Hunt-\Shape-Hunt--main\gameConfig.h(35,23): warning C4244: 'initializing': conversion from 'double' to 'int', possible loss of data
  (compiling source file 'CompositeShapes.cpp')
  
C:\Users\moham\source\repos\Amira-Sherif1\Shape-Hunt-\Shape-Hunt--main\gameConfig.h(36,24): warning C4244: 'initializing': conversion from 'double' to 'int', possible loss of data
  (compiling source file 'CompositeShapes.cpp')
  
C:\Users\moham\source\repos\Amira-Sherif1\Shape-Hunt-\Shape-Hunt--main\gameConfig.h(48,23): warning C4244: 'initializing': conversion from 'double' to 'int', possible loss of data
  (compiling source file 'CompositeShapes.cpp')
  
C:\Users\moham\source\repos\Amira-Sherif1\Shape-Hunt-\Shape-Hunt--main\gameConfig.h(55,28): warning C4244: 'initializing': conversion from 'double' to 'int', possible loss of data
  (compiling source file 'CompositeShapes.cpp')
  
C:\Users\moham\source\repos\Amira-Sherif1\Shape-Hunt-\Shape-Hunt--main\gameConfig.h(57,28): warning C4244: 'initializing': conversion from 'double' to 'int', possible loss of data
  (compiling source file 'CompositeShapes.cpp')
  
C:\Users\moham\source\repos\Amira-Sherif1\Shape-Hunt-\Shape-Hunt--main\BasicShapes.cpp(67,13): warning C4244: '=': conversion from 'double' to 'int', possible loss of data
  (compiling source file 'CompositeShapes.cpp')
  
C:\Users\moham\source\repos\Amira-Sherif1\Shape-Hunt-\Shape-Hunt--main\CompositeShapes.cpp(48,51): error C2572: 'arrow::arrow': redefinition of default argument: parameter 1
  C:\Users\moham\source\repos\Amira-Sherif1\Shape-Hunt-\Shape-Hunt--main\CompositeShapes.h(78,2):
  see declaration of 'arrow::arrow'
  
C:\Users\moham\source\repos\Amira-Sherif1\Shape-Hunt-\Shape-Hunt--main\CompositeShapes.cpp(50,18): error C2059: syntax error: ','
  BasicShapes.cpp
C:\Users\moham\source\repos\Amira-Sherif1\Shape-Hunt-\Shape-Hunt--main\CompositeShapes.cpp(51,19): error C2676: binary '+': 'point' does not define this operator or a conversion to a type acceptable to the predefined operator
  C:\Program Files\Microsoft Visual Studio\2022\Community\VC\Tools\MSVC\14.39.33519\include\xstring(5034,62):
  could be 'std::basic_string<_Elem,_Traits,_Alloc> std::operator +(std::basic_string<_Elem,_Traits,_Alloc> &&,const _Elem)'
  	C:\Users\moham\source\repos\Amira-Sherif1\Shape-Hunt-\Shape-Hunt--main\CompositeShapes.cpp(51,15):
  	'std::basic_string<_Elem,_Traits,_Alloc> std::operator +(std::basic_string<_Elem,_Traits,_Alloc> &&,const _Elem)': could not deduce template argument for 'std::basic_string<_Elem,_Traits,_Alloc> &&' from 'point'
  C:\Program Files\Microsoft Visual Studio\2022\Community\VC\Tools\MSVC\14.39.33519\include\xstring(5028,62):
  or       'std::basic_string<_Elem,_Traits,_Alloc> std::operator +(std::basic_string<_Elem,_Traits,_Alloc> &&,const _Elem *const )'
  	C:\Users\moham\source\repos\Amira-Sherif1\Shape-Hunt-\Shape-Hunt--main\CompositeShapes.cpp(51,15):
  	'std::basic_string<_Elem,_Traits,_Alloc> std::operator +(std::basic_string<_Elem,_Traits,_Alloc> &&,const _Elem *const )': could not deduce template argument for 'std::basic_string<_Elem,_Traits,_Alloc> &&' from 'point'
  C:\Program Files\Microsoft Visual Studio\2022\Community\VC\Tools\MSVC\14.39.33519\include\xstring(5022,62):
  or       'std::basic_string<_Elem,_Traits,_Alloc> std::operator +(const _Elem,std::basic_string<_Elem,_Traits,_Alloc> &&)'
  	C:\Users\moham\source\repos\Amira-Sherif1\Shape-Hunt-\Shape-Hunt--main\CompositeShapes.cpp(51,15):
  	'std::basic_string<_Elem,_Traits,_Alloc> std::operator +(const _Elem,std::basic_string<_Elem,_Traits,_Alloc> &&)': could not deduce template argument for 'std::basic_string<_Elem,_Traits,_Alloc> &&' from 'int'
  C:\Program Files\Microsoft Visual Studio\2022\Community\VC\Tools\MSVC\14.39.33519\include\xstring(5016,62):
  or       'std::basic_string<_Elem,_Traits,_Alloc> std::operator +(const _Elem *const ,std::basic_string<_Elem,_Traits,_Alloc> &&)'
  	C:\Users\moham\source\repos\Amira-Sherif1\Shape-Hunt-\Shape-Hunt--main\CompositeShapes.cpp(51,15):
  	'std::basic_string<_Elem,_Traits,_Alloc> std::operator +(const _Elem *const ,std::basic_string<_Elem,_Traits,_Alloc> &&)': could not deduce template argument for 'const _Elem *const ' from 'point'
  C:\Program Files\Microsoft Visual Studio\2022\Community\VC\Tools\MSVC\14.39.33519\include\xstring(5003,62):
  or       'std::basic_string<_Elem,_Traits,_Alloc> std::operator +(std::basic_string<_Elem,_Traits,_Alloc> &&,std::basic_string<_Elem,_Traits,_Alloc> &&)'
  	C:\Users\moham\source\repos\Amira-Sherif1\Shape-Hunt-\Shape-Hunt--main\CompositeShapes.cpp(51,15):
  	'std::basic_string<_Elem,_Traits,_Alloc> std::operator +(std::basic_string<_Elem,_Traits,_Alloc> &&,std::basic_string<_Elem,_Traits,_Alloc> &&)': could not deduce template argument for 'std::basic_string<_Elem,_Traits,_Alloc> &&' from 'point'
  C:\Program Files\Microsoft Visual Studio\2022\Community\VC\Tools\MSVC\14.39.33519\include\xstring(4997,62):
  or       'std::basic_string<_Elem,_Traits,_Alloc> std::operator +(std::basic_string<_Elem,_Traits,_Alloc> &&,const std::basic_string<_Elem,_Traits,_Alloc> &)'
  	C:\Users\moham\source\repos\Amira-Sherif1\Shape-Hunt-\Shape-Hunt--main\CompositeShapes.cpp(51,15):
  	'std::basic_string<_Elem,_Traits,_Alloc> std::operator +(std::basic_string<_Elem,_Traits,_Alloc> &&,const std::basic_string<_Elem,_Traits,_Alloc> &)': could not deduce template argument for 'std::basic_string<_Elem,_Traits,_Alloc> &&' from 'point'
  C:\Program Files\Microsoft Visual Studio\2022\Community\VC\Tools\MSVC\14.39.33519\include\xstring(4991,62):
  or       'std::basic_string<_Elem,_Traits,_Alloc> std::operator +(const std::basic_string<_Elem,_Traits,_Alloc> &,std::basic_string<_Elem,_Traits,_Alloc> &&)'
  	C:\Users\moham\source\repos\Amira-Sherif1\Shape-Hunt-\Shape-Hunt--main\CompositeShapes.cpp(51,15):
  	'std::basic_string<_Elem,_Traits,_Alloc> std::operator +(const std::basic_string<_Elem,_Traits,_Alloc> &,std::basic_string<_Elem,_Traits,_Alloc> &&)': could not deduce template argument for 'const std::basic_string<_Elem,_Traits,_Alloc> &' from 'point'
  C:\Program Files\Microsoft Visual Studio\2022\Community\VC\Tools\MSVC\14.39.33519\include\xstring(4980,62):
  or       'std::basic_string<_Elem,_Traits,_Alloc> std::operator +(const std::basic_string<_Elem,_Traits,_Alloc> &,const _Elem)'
  	C:\Users\moham\source\repos\Amira-Sherif1\Shape-Hunt-\Shape-Hunt--main\CompositeShapes.cpp(51,15):
  	'std::basic_string<_Elem,_Traits,_Alloc> std::operator +(const std::basic_string<_Elem,_Traits,_Alloc> &,const _Elem)': could not deduce template argument for 'const std::basic_string<_Elem,_Traits,_Alloc> &' from 'point'
  C:\Program Files\Microsoft Visual Studio\2022\Community\VC\Tools\MSVC\14.39.33519\include\xstring(4967,62):
  or       'std::basic_string<_Elem,_Traits,_Alloc> std::operator +(const std::basic_string<_Elem,_Traits,_Alloc> &,const _Elem *const )'
  	C:\Users\moham\source\repos\Amira-Sherif1\Shape-Hunt-\Shape-Hunt--main\CompositeShapes.cpp(51,15):
  	'std::basic_string<_Elem,_Traits,_Alloc> std::operator +(const std::basic_string<_Elem,_Traits,_Alloc> &,const _Elem *const )': could not deduce template argument for 'const std::basic_string<_Elem,_Traits,_Alloc> &' from 'point'
  C:\Program Files\Microsoft Visual Studio\2022\Community\VC\Tools\MSVC\14.39.33519\include\xstring(4956,62):
  or       'std::basic_string<_Elem,_Traits,_Alloc> std::operator +(const _Elem,const std::basic_string<_Elem,_Traits,_Alloc> &)'
  	C:\Users\moham\source\repos\Amira-Sherif1\Shape-Hunt-\Shape-Hunt--main\CompositeShapes.cpp(51,15):
  	'std::basic_string<_Elem,_Traits,_Alloc> std::operator +(const _Elem,const std::basic_string<_Elem,_Traits,_Alloc> &)': could not deduce template argument for 'const std::basic_string<_Elem,_Traits,_Alloc> &' from 'int'
  C:\Program Files\Microsoft Visual Studio\2022\Community\VC\Tools\MSVC\14.39.33519\include\xstring(4943,62):
  or       'std::basic_string<_Elem,_Traits,_Alloc> std::operator +(const _Elem *const ,const std::basic_string<_Elem,_Traits,_Alloc> &)'
  	C:\Users\moham\source\repos\Amira-Sherif1\Shape-Hunt-\Shape-Hunt--main\CompositeShapes.cpp(51,15):
  	'std::basic_string<_Elem,_Traits,_Alloc> std::operator +(const _Elem *const ,const std::basic_string<_Elem,_Traits,_Alloc> &)': could not deduce template argument for 'const _Elem *const ' from 'point'
  C:\Program Files\Microsoft Visual Studio\2022\Community\VC\Tools\MSVC\14.39.33519\include\xstring(4931,62):
  or       'std::basic_string<_Elem,_Traits,_Alloc> std::operator +(const std::basic_string<_Elem,_Traits,_Alloc> &,const std::basic_string<_Elem,_Traits,_Alloc> &)'
  	C:\Users\moham\source\repos\Amira-Sherif1\Shape-Hunt-\Shape-Hunt--main\CompositeShapes.cpp(51,15):
  	'std::basic_string<_Elem,_Traits,_Alloc> std::operator +(const std::basic_string<_Elem,_Traits,_Alloc> &,const std::basic_string<_Elem,_Traits,_Alloc> &)': could not deduce template argument for 'const std::basic_string<_Elem,_Traits,_Alloc> &' from 'point'
  C:\Program Files\Microsoft Visual Studio\2022\Community\VC\Tools\MSVC\14.39.33519\include\xutility(4311,5):
  or       'std::move_iterator<_Iter> std::operator +(move_iterator<_Iter>::difference_type,const std::move_iterator<_Iter> &) noexcept(<expr>)'
  	C:\Users\moham\source\repos\Amira-Sherif1\Shape-Hunt-\Shape-Hunt--main\CompositeShapes.cpp(51,15):
  	'std::move_iterator<_Iter> std::operator +(move_iterator<_Iter>::difference_type,const std::move_iterator<_Iter> &) noexcept(<expr>)': could not deduce template argument for 'const std::move_iterator<_Iter> &' from 'int'
  C:\Program Files\Microsoft Visual Studio\2022\Community\VC\Tools\MSVC\14.39.33519\include\xutility(1792,50):
  or       'std::reverse_iterator<_BidIt> std::operator +(reverse_iterator<_BidIt>::difference_type,const std::reverse_iterator<_BidIt> &) noexcept(<expr>)'
  	C:\Users\moham\source\repos\Amira-Sherif1\Shape-Hunt-\Shape-Hunt--main\CompositeShapes.cpp(51,15):
  	'std::reverse_iterator<_BidIt> std::operator +(reverse_iterator<_BidIt>::difference_type,const std::reverse_iterator<_BidIt> &) noexcept(<expr>)': could not deduce template argument for 'const std::reverse_iterator<_BidIt> &' from 'int'
  
C:\Users\moham\source\repos\Amira-Sherif1\Shape-Hunt-\Shape-Hunt--main\CompositeShapes.cpp(51,2): error C2064: term does not evaluate to a function taking 3 arguments
C:\Users\moham\source\repos\Amira-Sherif1\Shape-Hunt-\Shape-Hunt--main\gameConfig.h(35,23): warning C4244: 'initializing': conversion from 'double' to 'int', possible loss of data
  (compiling source file 'BasicShapes.cpp')
  
C:\Users\moham\source\repos\Amira-Sherif1\Shape-Hunt-\Shape-Hunt--main\gameConfig.h(36,24): warning C4244: 'initializing': conversion from 'double' to 'int', possible loss of data
  (compiling source file 'BasicShapes.cpp')
  
C:\Users\moham\source\repos\Amira-Sherif1\Shape-Hunt-\Shape-Hunt--main\gameConfig.h(48,23): warning C4244: 'initializing': conversion from 'double' to 'int', possible loss of data
  (compiling source file 'BasicShapes.cpp')
  
C:\Users\moham\source\repos\Amira-Sherif1\Shape-Hunt-\Shape-Hunt--main\gameConfig.h(55,28): warning C4244: 'initializing': conversion from 'double' to 'int', possible loss of data
  (compiling source file 'BasicShapes.cpp')
  
C:\Users\moham\source\repos\Amira-Sherif1\Shape-Hunt-\Shape-Hunt--main\gameConfig.h(57,28): warning C4244: 'initializing': conversion from 'double' to 'int', possible loss of data
  (compiling source file 'BasicShapes.cpp')
  
C:\Users\moham\source\repos\Amira-Sherif1\Shape-Hunt-\Shape-Hunt--main\BasicShapes.cpp(67,13): warning C4244: '=': conversion from 'double' to 'int', possible loss of data
  Generating Code...
  Skipping... (no relevant changes detected)
  toolbar.cpp
  shape.cpp
  operations.cpp
  main.cpp
  grid.cpp
  game.cpp
