d:\year1 sems2\cie 101 c++\shape_hunt\shape-hunt-\project startup code - s24 (1)\project startup code - s24\debug\cie202-project.bsc
d:\year1 sems2\cie 101 c++\shape_hunt\shape-hunt-\project startup code - s24 (1)\project startup code - s24\debug\vc143.pdb
d:\year1 sems2\cie 101 c++\shape_hunt\shape-hunt-\project startup code - s24 (1)\project startup code - s24\debug\vc143.idb
d:\year1 sems2\cie 101 c++\shape_hunt\shape-hunt-\project startup code - s24 (1)\project startup code - s24\debug\toolbar.sbr
d:\year1 sems2\cie 101 c++\shape_hunt\shape-hunt-\project startup code - s24 (1)\project startup code - s24\debug\main.sbr
d:\year1 sems2\cie 101 c++\shape_hunt\shape-hunt-\project startup code - s24 (1)\project startup code - s24\debug\grid.sbr
d:\year1 sems2\cie 101 c++\shape_hunt\shape-hunt-\project startup code - s24 (1)\project startup code - s24\debug\game.sbr
d:\year1 sems2\cie 101 c++\shape_hunt\shape-hunt-\project startup code - s24 (1)\project startup code - s24\debug\shape.sbr
d:\year1 sems2\cie 101 c++\shape_hunt\shape-hunt-\project startup code - s24 (1)\project startup code - s24\debug\operations.sbr
d:\year1 sems2\cie 101 c++\shape_hunt\shape-hunt-\project startup code - s24 (1)\project startup code - s24\debug\compositeshapes.sbr
d:\year1 sems2\cie 101 c++\shape_hunt\shape-hunt-\project startup code - s24 (1)\project startup code - s24\debug\windowinput.sbr
d:\year1 sems2\cie 101 c++\shape_hunt\shape-hunt-\project startup code - s24 (1)\project startup code - s24\debug\mousequeue.sbr
d:\year1 sems2\cie 101 c++\shape_hunt\shape-hunt-\project startup code - s24 (1)\project startup code - s24\debug\keyqueue.sbr
d:\year1 sems2\cie 101 c++\shape_hunt\shape-hunt-\project startup code - s24 (1)\project startup code - s24\debug\image.sbr
d:\year1 sems2\cie 101 c++\shape_hunt\shape-hunt-\project startup code - s24 (1)\project startup code - s24\debug\cmugraphics.sbr
d:\year1 sems2\cie 101 c++\shape_hunt\shape-hunt-\project startup code - s24 (1)\project startup code - s24\debug\auxil.sbr
d:\year1 sems2\cie 101 c++\shape_hunt\shape-hunt-\project startup code - s24 (1)\project startup code - s24\debug\basicshapes.sbr
d:\year1 sems2\cie 101 c++\shape_hunt\shape-hunt-\project startup code - s24 (1)\project startup code - s24\debug\basicshapes.obj
d:\year1 sems2\cie 101 c++\shape_hunt\shape-hunt-\project startup code - s24 (1)\project startup code - s24\debug\auxil.obj
d:\year1 sems2\cie 101 c++\shape_hunt\shape-hunt-\project startup code - s24 (1)\project startup code - s24\debug\cmugraphics.obj
d:\year1 sems2\cie 101 c++\shape_hunt\shape-hunt-\project startup code - s24 (1)\project startup code - s24\debug\image.obj
d:\year1 sems2\cie 101 c++\shape_hunt\shape-hunt-\project startup code - s24 (1)\project startup code - s24\debug\keyqueue.obj
d:\year1 sems2\cie 101 c++\shape_hunt\shape-hunt-\project startup code - s24 (1)\project startup code - s24\debug\mousequeue.obj
d:\year1 sems2\cie 101 c++\shape_hunt\shape-hunt-\project startup code - s24 (1)\project startup code - s24\debug\windowinput.obj
d:\year1 sems2\cie 101 c++\shape_hunt\shape-hunt-\project startup code - s24 (1)\project startup code - s24\debug\compositeshapes.obj
d:\year1 sems2\cie 101 c++\shape_hunt\shape-hunt-\project startup code - s24 (1)\project startup code - s24\debug\operations.obj
d:\year1 sems2\cie 101 c++\shape_hunt\shape-hunt-\project startup code - s24 (1)\project startup code - s24\debug\shape.obj
d:\year1 sems2\cie 101 c++\shape_hunt\shape-hunt-\project startup code - s24 (1)\project startup code - s24\debug\game.obj
d:\year1 sems2\cie 101 c++\shape_hunt\shape-hunt-\project startup code - s24 (1)\project startup code - s24\debug\grid.obj
d:\year1 sems2\cie 101 c++\shape_hunt\shape-hunt-\project startup code - s24 (1)\project startup code - s24\debug\main.obj
d:\year1 sems2\cie 101 c++\shape_hunt\shape-hunt-\project startup code - s24 (1)\project startup code - s24\debug\toolbar.obj
d:\year1 sems2\cie 101 c++\shape_hunt\shape-hunt-\project startup code - s24 (1)\project startup code - s24\debug\jutils.sbr
d:\year1 sems2\cie 101 c++\shape_hunt\shape-hunt-\project startup code - s24 (1)\project startup code - s24\debug\jquant2.sbr
d:\year1 sems2\cie 101 c++\shape_hunt\shape-hunt-\project startup code - s24 (1)\project startup code - s24\debug\jquant1.sbr
d:\year1 sems2\cie 101 c++\shape_hunt\shape-hunt-\project startup code - s24 (1)\project startup code - s24\debug\jmemnobs.sbr
d:\year1 sems2\cie 101 c++\shape_hunt\shape-hunt-\project startup code - s24 (1)\project startup code - s24\debug\jmemmgr.sbr
d:\year1 sems2\cie 101 c++\shape_hunt\shape-hunt-\project startup code - s24 (1)\project startup code - s24\debug\jidctred.sbr
d:\year1 sems2\cie 101 c++\shape_hunt\shape-hunt-\project startup code - s24 (1)\project startup code - s24\debug\jidctint.sbr
d:\year1 sems2\cie 101 c++\shape_hunt\shape-hunt-\project startup code - s24 (1)\project startup code - s24\debug\jidctfst.sbr
d:\year1 sems2\cie 101 c++\shape_hunt\shape-hunt-\project startup code - s24 (1)\project startup code - s24\debug\jidctflt.sbr
d:\year1 sems2\cie 101 c++\shape_hunt\shape-hunt-\project startup code - s24 (1)\project startup code - s24\debug\jerror.sbr
d:\year1 sems2\cie 101 c++\shape_hunt\shape-hunt-\project startup code - s24 (1)\project startup code - s24\debug\jdtrans.sbr
d:\year1 sems2\cie 101 c++\shape_hunt\shape-hunt-\project startup code - s24 (1)\project startup code - s24\debug\jdsample.sbr
d:\year1 sems2\cie 101 c++\shape_hunt\shape-hunt-\project startup code - s24 (1)\project startup code - s24\debug\jdpostct.sbr
d:\year1 sems2\cie 101 c++\shape_hunt\shape-hunt-\project startup code - s24 (1)\project startup code - s24\debug\jdphuff.sbr
d:\year1 sems2\cie 101 c++\shape_hunt\shape-hunt-\project startup code - s24 (1)\project startup code - s24\debug\jdmerge.sbr
d:\year1 sems2\cie 101 c++\shape_hunt\shape-hunt-\project startup code - s24 (1)\project startup code - s24\debug\jdmaster.sbr
d:\year1 sems2\cie 101 c++\shape_hunt\shape-hunt-\project startup code - s24 (1)\project startup code - s24\debug\jdmarker.sbr
d:\year1 sems2\cie 101 c++\shape_hunt\shape-hunt-\project startup code - s24 (1)\project startup code - s24\debug\jdmainct.sbr
d:\year1 sems2\cie 101 c++\shape_hunt\shape-hunt-\project startup code - s24 (1)\project startup code - s24\debug\jdinput.sbr
d:\year1 sems2\cie 101 c++\shape_hunt\shape-hunt-\project startup code - s24 (1)\project startup code - s24\debug\jdhuff.sbr
d:\year1 sems2\cie 101 c++\shape_hunt\shape-hunt-\project startup code - s24 (1)\project startup code - s24\debug\jdhuff.obj
d:\year1 sems2\cie 101 c++\shape_hunt\shape-hunt-\project startup code - s24 (1)\project startup code - s24\debug\jdinput.obj
d:\year1 sems2\cie 101 c++\shape_hunt\shape-hunt-\project startup code - s24 (1)\project startup code - s24\debug\jdmainct.obj
d:\year1 sems2\cie 101 c++\shape_hunt\shape-hunt-\project startup code - s24 (1)\project startup code - s24\debug\jdmarker.obj
d:\year1 sems2\cie 101 c++\shape_hunt\shape-hunt-\project startup code - s24 (1)\project startup code - s24\debug\jdmaster.obj
d:\year1 sems2\cie 101 c++\shape_hunt\shape-hunt-\project startup code - s24 (1)\project startup code - s24\debug\jdmerge.obj
d:\year1 sems2\cie 101 c++\shape_hunt\shape-hunt-\project startup code - s24 (1)\project startup code - s24\debug\jdphuff.obj
d:\year1 sems2\cie 101 c++\shape_hunt\shape-hunt-\project startup code - s24 (1)\project startup code - s24\debug\jdpostct.obj
d:\year1 sems2\cie 101 c++\shape_hunt\shape-hunt-\project startup code - s24 (1)\project startup code - s24\debug\jdsample.obj
d:\year1 sems2\cie 101 c++\shape_hunt\shape-hunt-\project startup code - s24 (1)\project startup code - s24\debug\jdtrans.obj
d:\year1 sems2\cie 101 c++\shape_hunt\shape-hunt-\project startup code - s24 (1)\project startup code - s24\debug\jerror.obj
d:\year1 sems2\cie 101 c++\shape_hunt\shape-hunt-\project startup code - s24 (1)\project startup code - s24\debug\jidctflt.obj
d:\year1 sems2\cie 101 c++\shape_hunt\shape-hunt-\project startup code - s24 (1)\project startup code - s24\debug\jidctfst.obj
d:\year1 sems2\cie 101 c++\shape_hunt\shape-hunt-\project startup code - s24 (1)\project startup code - s24\debug\jidctint.obj
d:\year1 sems2\cie 101 c++\shape_hunt\shape-hunt-\project startup code - s24 (1)\project startup code - s24\debug\jidctred.obj
d:\year1 sems2\cie 101 c++\shape_hunt\shape-hunt-\project startup code - s24 (1)\project startup code - s24\debug\jmemmgr.obj
d:\year1 sems2\cie 101 c++\shape_hunt\shape-hunt-\project startup code - s24 (1)\project startup code - s24\debug\jmemnobs.obj
d:\year1 sems2\cie 101 c++\shape_hunt\shape-hunt-\project startup code - s24 (1)\project startup code - s24\debug\jquant1.obj
d:\year1 sems2\cie 101 c++\shape_hunt\shape-hunt-\project startup code - s24 (1)\project startup code - s24\debug\jquant2.obj
d:\year1 sems2\cie 101 c++\shape_hunt\shape-hunt-\project startup code - s24 (1)\project startup code - s24\debug\jutils.obj
d:\year1 sems2\cie 101 c++\shape_hunt\shape-hunt-\project startup code - s24 (1)\project startup code - s24\debug\jddctmgr.sbr
d:\year1 sems2\cie 101 c++\shape_hunt\shape-hunt-\project startup code - s24 (1)\project startup code - s24\debug\jdcolor.sbr
d:\year1 sems2\cie 101 c++\shape_hunt\shape-hunt-\project startup code - s24 (1)\project startup code - s24\debug\jdcoefct.sbr
d:\year1 sems2\cie 101 c++\shape_hunt\shape-hunt-\project startup code - s24 (1)\project startup code - s24\debug\jdatasrc.sbr
d:\year1 sems2\cie 101 c++\shape_hunt\shape-hunt-\project startup code - s24 (1)\project startup code - s24\debug\jdapistd.sbr
d:\year1 sems2\cie 101 c++\shape_hunt\shape-hunt-\project startup code - s24 (1)\project startup code - s24\debug\jdapimin.sbr
d:\year1 sems2\cie 101 c++\shape_hunt\shape-hunt-\project startup code - s24 (1)\project startup code - s24\debug\jcparam.sbr
d:\year1 sems2\cie 101 c++\shape_hunt\shape-hunt-\project startup code - s24 (1)\project startup code - s24\debug\jcomapi.sbr
d:\year1 sems2\cie 101 c++\shape_hunt\shape-hunt-\project startup code - s24 (1)\project startup code - s24\debug\jpegload.sbr
d:\year1 sems2\cie 101 c++\shape_hunt\shape-hunt-\project startup code - s24 (1)\project startup code - s24\debug\jpegload.obj
d:\year1 sems2\cie 101 c++\shape_hunt\shape-hunt-\project startup code - s24 (1)\project startup code - s24\debug\jcomapi.obj
d:\year1 sems2\cie 101 c++\shape_hunt\shape-hunt-\project startup code - s24 (1)\project startup code - s24\debug\jcparam.obj
d:\year1 sems2\cie 101 c++\shape_hunt\shape-hunt-\project startup code - s24 (1)\project startup code - s24\debug\jdapimin.obj
d:\year1 sems2\cie 101 c++\shape_hunt\shape-hunt-\project startup code - s24 (1)\project startup code - s24\debug\jdapistd.obj
d:\year1 sems2\cie 101 c++\shape_hunt\shape-hunt-\project startup code - s24 (1)\project startup code - s24\debug\jdatasrc.obj
d:\year1 sems2\cie 101 c++\shape_hunt\shape-hunt-\project startup code - s24 (1)\project startup code - s24\debug\jdcoefct.obj
d:\year1 sems2\cie 101 c++\shape_hunt\shape-hunt-\project startup code - s24 (1)\project startup code - s24\debug\jdcolor.obj
d:\year1 sems2\cie 101 c++\shape_hunt\shape-hunt-\project startup code - s24 (1)\project startup code - s24\debug\jddctmgr.obj
d:\year1 sems2\cie 101 c++\shape_hunt\shape-hunt-\project startup code - s24 (1)\project startup code - s24\debug\cie202-project.exe
d:\year1 sems2\cie 101 c++\shape_hunt\shape-hunt-\project startup code - s24 (1)\project startup code - s24\debug\cie202-project.ilk
d:\year1 sems2\cie 101 c++\shape_hunt\shape-hunt-\project startup code - s24 (1)\project startup code - s24\debug\cie202-project.pdb
d:\year1 sems2\cie 101 c++\shape_hunt\shape-hunt-\project startup code - s24 (1)\project startup code - s24\debug\cie202-project.tlog\bscmake.command.1.tlog
d:\year1 sems2\cie 101 c++\shape_hunt\shape-hunt-\project startup code - s24 (1)\project startup code - s24\debug\cie202-project.tlog\bscmake.read.1.tlog
d:\year1 sems2\cie 101 c++\shape_hunt\shape-hunt-\project startup code - s24 (1)\project startup code - s24\debug\cie202-project.tlog\bscmake.write.1.tlog
d:\year1 sems2\cie 101 c++\shape_hunt\shape-hunt-\project startup code - s24 (1)\project startup code - s24\debug\cie202-project.tlog\cl.command.1.tlog
d:\year1 sems2\cie 101 c++\shape_hunt\shape-hunt-\project startup code - s24 (1)\project startup code - s24\debug\cie202-project.tlog\cl.items.tlog
d:\year1 sems2\cie 101 c++\shape_hunt\shape-hunt-\project startup code - s24 (1)\project startup code - s24\debug\cie202-project.tlog\cl.read.1.tlog
d:\year1 sems2\cie 101 c++\shape_hunt\shape-hunt-\project startup code - s24 (1)\project startup code - s24\debug\cie202-project.tlog\cl.write.1.tlog
d:\year1 sems2\cie 101 c++\shape_hunt\shape-hunt-\project startup code - s24 (1)\project startup code - s24\debug\cie202-project.tlog\link.command.1.tlog
d:\year1 sems2\cie 101 c++\shape_hunt\shape-hunt-\project startup code - s24 (1)\project startup code - s24\debug\cie202-project.tlog\link.read.1.tlog
d:\year1 sems2\cie 101 c++\shape_hunt\shape-hunt-\project startup code - s24 (1)\project startup code - s24\debug\cie202-project.tlog\link.write.1.tlog
